# JRE version: OpenJDK Runtime Environment Temurin-21.0.7+6 (21.0.7+6) (build 21.0.7+6-LTS)
# Java VM: OpenJDK 64-Bit Server VM Temurin-21.0.7+6 (21.0.7+6-LTS, mixed mode, sharing, tiered, compressed oops, compressed class ptrs, g1 gc, windows-amd64)
GC Precious Log:
 CardTable entry size: 512
 Card Set container configuration: InlinePtr #cards 5 size 8 Array Of Cards #cards 12 size 40 Howl #buckets 4 coarsen threshold 1843 Howl Bitmap #cards 512 size 80 coarsen threshold 460 Card regions per heap region 1 cards per card region 2048
 CPUs: 8 total, 8 available
 Memory: 7936M
 Large Page Support: Disabled
 NUMA Support: Disabled
 Compressed Oops: Enabled (32-bit)
 Heap Region Size: 1M
 Heap Min Capacity: 8M
 Heap Initial Capacity: 126M
 Heap Max Capacity: 1986M
 Pre-touch: Disabled
 Parallel Workers: 8
 Concurrent Workers: 2
 Concurrent Refinement Workers: 8
 Periodic GC: Disabled
Heap:
 garbage-first heap   total 56320K, used 45559K [0x0000000083e00000, 0x0000000100000000)
  region size 1024K, 19 young (19456K), 1 survivors (1024K)
 Metaspace       used 75493K, committed 76416K, reserved 1179648K
  class space    used 10000K, committed 10432K, reserved 1048576K
GC Heap History (20 events):
Event: 3207.304 GC heap before
{Heap before GC invocations=28 (full 0):
 garbage-first heap   total 56320K, used 48929K [0x0000000083e00000, 0x0000000100000000)
  region size 1024K, 18 young (18432K), 2 survivors (2048K)
 Metaspace       used 75604K, committed 76288K, reserved 1179648K
  class space    used 10085K, committed 10432K, reserved 1048576K
}
Event: 3207.312 GC heap after
{Heap after GC invocations=29 (full 0):
 garbage-first heap   total 56320K, used 32492K [0x0000000083e00000, 0x0000000100000000)
  region size 1024K, 2 young (2048K), 2 survivors (2048K)
 Metaspace       used 75604K, committed 76288K, reserved 1179648K
  class space    used 10085K, committed 10432K, reserved 1048576K
}
Event: 3622.831 GC heap before
{Heap before GC invocations=30 (full 0):
 garbage-first heap   total 56320K, used 48876K [0x0000000083e00000, 0x0000000100000000)
  region size 1024K, 18 young (18432K), 2 survivors (2048K)
 Metaspace       used 75331K, committed 76352K, reserved 1179648K
  class space    used 10000K, committed 10432K, reserved 1048576K
}
Event: 3622.838 GC heap after
{Heap after GC invocations=31 (full 0):
 garbage-first heap   total 56320K, used 32665K [0x0000000083e00000, 0x0000000100000000)
  region size 1024K, 2 young (2048K), 2 survivors (2048K)
 Metaspace       used 75331K, committed 76352K, reserved 1179648K
  class space    used 10000K, committed 10432K, reserved 1048576K
}
Event: 4138.007 GC heap before
{Heap before GC invocations=31 (full 0):
 garbage-first heap   total 56320K, used 49049K [0x0000000083e00000, 0x0000000100000000)
  region size 1024K, 18 young (18432K), 2 survivors (2048K)
 Metaspace       used 75354K, committed 76352K, reserved 1179648K
  class space    used 10000K, committed 10432K, reserved 1048576K
}
Event: 4138.028 GC heap after
{Heap after GC invocations=32 (full 0):
 garbage-first heap   total 56320K, used 30158K [0x0000000083e00000, 0x0000000100000000)
  region size 1024K, 2 young (2048K), 2 survivors (2048K)
 Metaspace       used 75354K, committed 76352K, reserved 1179648K
  class space    used 10000K, committed 10432K, reserved 1048576K
}
Event: 4695.987 GC heap before
{Heap before GC invocations=32 (full 0):
 garbage-first heap   total 56320K, used 48590K [0x0000000083e00000, 0x0000000100000000)
  region size 1024K, 20 young (20480K), 2 survivors (2048K)
 Metaspace       used 75369K, committed 76352K, reserved 1179648K
  class space    used 10000K, committed 10432K, reserved 1048576K
}
Event: 4695.999 GC heap after
{Heap after GC invocations=33 (full 0):
 garbage-first heap   total 56320K, used 29298K [0x0000000083e00000, 0x0000000100000000)
  region size 1024K, 2 young (2048K), 2 survivors (2048K)
 Metaspace       used 75369K, committed 76352K, reserved 1179648K
  class space    used 10000K, committed 10432K, reserved 1048576K
}
Event: 5207.692 GC heap before
{Heap before GC invocations=33 (full 0):
 garbage-first heap   total 56320K, used 48754K [0x0000000083e00000, 0x0000000100000000)
  region size 1024K, 21 young (21504K), 2 survivors (2048K)
 Metaspace       used 75389K, committed 76352K, reserved 1179648K
  class space    used 10000K, committed 10432K, reserved 1048576K
}
Event: 5207.731 GC heap after
{Heap after GC invocations=34 (full 0):
 garbage-first heap   total 56320K, used 29547K [0x0000000083e00000, 0x0000000100000000)
  region size 1024K, 2 young (2048K), 2 survivors (2048K)
 Metaspace       used 75389K, committed 76352K, reserved 1179648K
  class space    used 10000K, committed 10432K, reserved 1048576K
}
Event: 5821.554 GC heap before
{Heap before GC invocations=35 (full 0):
 garbage-first heap   total 56320K, used 49003K [0x0000000083e00000, 0x0000000100000000)
  region size 1024K, 21 young (21504K), 2 survivors (2048K)
 Metaspace       used 75390K, committed 76352K, reserved 1179648K
  class space    used 10000K, committed 10432K, reserved 1048576K
}
Event: 5821.613 GC heap after
{Heap after GC invocations=36 (full 0):
 garbage-first heap   total 56320K, used 29283K [0x0000000083e00000, 0x0000000100000000)
  region size 1024K, 2 young (2048K), 2 survivors (2048K)
 Metaspace       used 75390K, committed 76352K, reserved 1179648K
  class space    used 10000K, committed 10432K, reserved 1048576K
}
Event: 6416.835 GC heap before
{Heap before GC invocations=36 (full 0):
 garbage-first heap   total 56320K, used 48739K [0x0000000083e00000, 0x0000000100000000)
  region size 1024K, 21 young (21504K), 2 survivors (2048K)
 Metaspace       used 75401K, committed 76352K, reserved 1179648K
  class space    used 10000K, committed 10432K, reserved 1048576K
}
Event: 6416.885 GC heap after
{Heap after GC invocations=37 (full 0):
 garbage-first heap   total 56320K, used 28555K [0x0000000083e00000, 0x0000000100000000)
  region size 1024K, 2 young (2048K), 2 survivors (2048K)
 Metaspace       used 75401K, committed 76352K, reserved 1179648K
  class space    used 10000K, committed 10432K, reserved 1048576K
}
Event: 6962.515 GC heap before
{Heap before GC invocations=37 (full 0):
 garbage-first heap   total 56320K, used 49035K [0x0000000083e00000, 0x0000000100000000)
  region size 1024K, 22 young (22528K), 2 survivors (2048K)
 Metaspace       used 75430K, committed 76416K, reserved 1179648K
  class space    used 10000K, committed 10432K, reserved 1048576K
}
Event: 6962.550 GC heap after
{Heap after GC invocations=38 (full 0):
 garbage-first heap   total 56320K, used 28747K [0x0000000083e00000, 0x0000000100000000)
  region size 1024K, 2 young (2048K), 2 survivors (2048K)
 Metaspace       used 75430K, committed 76416K, reserved 1179648K
  class space    used 10000K, committed 10432K, reserved 1048576K
}
Event: 7599.836 GC heap before
{Heap before GC invocations=39 (full 0):
 garbage-first heap   total 56320K, used 49227K [0x0000000083e00000, 0x0000000100000000)
  region size 1024K, 22 young (22528K), 2 survivors (2048K)
 Metaspace       used 75444K, committed 76416K, reserved 1179648K
  class space    used 10000K, committed 10432K, reserved 1048576K
}
Event: 7599.852 GC heap after
{Heap after GC invocations=40 (full 0):
 garbage-first heap   total 56320K, used 28550K [0x0000000083e00000, 0x0000000100000000)
  region size 1024K, 2 young (2048K), 2 survivors (2048K)
 Metaspace       used 75444K, committed 76416K, reserved 1179648K
  class space    used 10000K, committed 10432K, reserved 1048576K
}
Event: 8198.878 GC heap before
{Heap before GC invocations=40 (full 0):
 garbage-first heap   total 56320K, used 49030K [0x0000000083e00000, 0x0000000100000000)
  region size 1024K, 22 young (22528K), 2 survivors (2048K)
 Metaspace       used 75472K, committed 76416K, reserved 1179648K
  class space    used 10000K, committed 10432K, reserved 1048576K
}
Event: 8198.930 GC heap after
{Heap after GC invocations=41 (full 0):
 garbage-first heap   total 56320K, used 28151K [0x0000000083e00000, 0x0000000100000000)
  region size 1024K, 1 young (1024K), 1 survivors (1024K)
 Metaspace       used 75472K, committed 76416K, reserved 1179648K
  class space    used 10000K, committed 10432K, reserved 1048576K
}

